-- Found GCC with prefix aarch64-linux-gnu-
-- Set platform details from PLATFORM=odroidc2
--   KernelPlatform: odroidc2
-- Setting from flags KernelSel4Arch: aarch64
-- The C compiler identification is GNU 9.2.1
-- Check for working C compiler: /home/cs9242/crossdev/gcc-9-aarch64-none-linux-gnu/bin/aarch64-linux-gnu-gcc
-- Check for working C compiler: /home/cs9242/crossdev/gcc-9-aarch64-none-linux-gnu/bin/aarch64-linux-gnu-gcc - works
-- Detecting C compiler ABI info
-- Detecting C compiler ABI info - done
-- Detecting C compile features
-- Detecting C compile features - done
-- The CXX compiler identification is GNU 9.2.1
-- Check for working CXX compiler: /home/cs9242/crossdev/gcc-9-aarch64-none-linux-gnu/bin/aarch64-linux-gnu-g++
-- Check for working CXX compiler: /home/cs9242/crossdev/gcc-9-aarch64-none-linux-gnu/bin/aarch64-linux-gnu-g++ - works
-- Detecting CXX compiler ABI info
-- Detecting CXX compiler ABI info - done
-- Detecting CXX compile features
-- Detecting CXX compile features - done
-- The ASM compiler identification is GNU
-- Found assembler: /home/cs9242/crossdev/gcc-9-aarch64-none-linux-gnu/bin/aarch64-linux-gnu-gcc
-- /tmp/tmpgu6ponph/build/kernel/gen_headers/plat/machine/devices_gen.h is out of date. Regenerating from DTB...
-- CPIO test cpio_reproducible_flag PASSED
-- Found musllibc: /tmp/tmpgu6ponph/projects/musllibc  
-- Performing Test compiler_arch_test
-- Performing Test compiler_arch_test - Success
-- Looking for sys/filio.h
-- Looking for sys/filio.h - not found
-- Performing Test HAVE_SOCKADDR_LEN
-- Performing Test HAVE_SOCKADDR_LEN - Failed
-- Performing Test HAVE_SO_BINDTODEVICE
-- Performing Test HAVE_SO_BINDTODEVICE - Failed
-- Performing Test NO_LFS_REQUIRED
-- Performing Test NO_LFS_REQUIRED - Failed
-- Performing Test _FILE_OFFSET_BITS
-- Performing Test _FILE_OFFSET_BITS - Failed
-- Performing Test _LARGE_FILES
-- Performing Test _LARGE_FILES - Failed
-- Looking for makedev
-- Looking for makedev - not found
-- Looking for makedev
-- Looking for makedev - not found
-- Performing Test C_ACCEPTS_WALL
-- Performing Test C_ACCEPTS_WALL - Success
-- libmuslc architecture: 'aarch64' (from KernelSel4Arch 'aarch64')
-- Detecting cached version of: musllibc
--   No cache path given. Set SEL4_CACHE_DIR to a path to enable caching binary artifacts.
-- Configuring done
-- Generating done
-- Build files have been written to: /tmp/tmpgu6ponph/build
[1/230] Generate invocation header gen_headers/arch/api/invocation.h
[2/230] Generate invocation header gen_headers/arch/api/sel4_invocation.h
[3/230] Generating generated/invocations_all.json
[4/230] Concatenating C files
[5/230] Generate dummy headers for prune compilation
[6/230] Creating C input file for preprocessor
[7/230] Building C object libsel4/CMakeFiles/libsel4_shared_types_gen_pbf_temp_lib.dir/libsel4_shared_types_gen_pbf_temp.c.obj
[8/230] Generating include/sel4/shared_types.pbf
[9/230] Generate invocation header gen_headers/api/invocation.h
[10/230] Creating C input file for preprocessor
[11/230] Generating from /tmp/tmpgu6ponph/build/libsel4/include/sel4/shared_types.pbf
[12/230] Building C object libsel4/CMakeFiles/libsel4_sel4_arch_types_gen_pbf_temp_lib.dir/libsel4_sel4_arch_types_gen_pbf_temp.c.obj
[13/230] Generating sel4_arch_include/aarch64/sel4/sel4_arch/types.pbf
[14/230] Building C object projects/libcpio/CMakeFiles/cpio.dir/src/cpio.c.obj
[15/230] Generate syscall invocations
[16/230] Creating C input file for preprocessor
[17/230] Creating C input file for preprocessor
[18/230] Building C object kernel/CMakeFiles/kernel_bf_gen_target_1_pbf_temp_lib.dir/kernel_bf_gen_target_1_pbf_temp.c.obj
[19/230] Generating generated/arch/object/structures.bf.pbf
[20/230] Generate syscall.h
[21/230] Generate sel4_client.h
[22/230] Building C object kernel/CMakeFiles/kernel_all_pp_prune_wrapper_temp_lib.dir/kernel_all_pp_prune_wrapper_temp.c.obj
[23/230] Generating kernel_all_pp_prune.c
[24/230] Generating from generated/arch/object/structures.bf.pbf
[25/230] Creating C input file for preprocessor
[26/230] Building C object kernel/CMakeFiles/kernel_bf_gen_target_11_pbf_temp_lib.dir/kernel_bf_gen_target_11_pbf_temp.c.obj
[27/230] Generating generated/sel4/shared_types.bf.pbf
[28/230] Generate invocation header include/sel4/invocation.h
[29/230] Generate invocation header arch_include/arm/sel4/arch/invocation.h
[30/230] Generating from /tmp/tmpgu6ponph/build/libsel4/sel4_arch_include/aarch64/sel4/sel4_arch/types.pbf
[31/230] Generating from generated/sel4/shared_types.bf.pbf
[32/230] Linking C static library projects/libcpio/libcpio.a
[33/230] Creating C input file for preprocessor
[34/230] Generate invocation header sel4_arch_include/aarch64/sel4/sel4_arch/invocation.h
[35/230] Creating C input file for preprocessor
[36/230] Building C object kernel/CMakeFiles/linker_ld_wrapper_temp_lib.dir/linker_ld_wrapper_temp.c.obj
[37/230] Generating linker.lds_pp
[38/230] Building C object kernel/CMakeFiles/kernel_i_wrapper_temp_lib.dir/kernel_all_copy.c.obj
[39/230] Building C object libsel4/CMakeFiles/sel4.dir/src/sel4_bootinfo.c.obj
[40/230] Generating kernel_all.i
[41/230] Linking C static library libsel4/libsel4.a
[42/230] Building ASM object projects/sel4runtime/CMakeFiles/sel4runtime_crt_obj.dir/crt/sel4_arch/aarch64/crti.S.obj
[43/230] Generating circular_includes_valid
[44/230] Building ASM object projects/sel4runtime/CMakeFiles/sel4runtime_crt_obj.dir/crt/sel4_arch/aarch64/crtn.S.obj
[45/230] Building ASM object kernel/CMakeFiles/kernel.elf.dir/src/arch/arm/armv/armv8-a/64/machine_asm.S.obj
[46/230] Building ASM object kernel/CMakeFiles/kernel.elf.dir/src/arch/arm/64/head.S.obj
[47/230] Building ASM object kernel/CMakeFiles/kernel.elf.dir/src/arch/arm/64/traps.S.obj
[48/230] Building ASM object kernel/CMakeFiles/kernel.elf.dir/src/arch/arm/64/idle.S.obj
[49/230] Building ASM object projects/sel4runtime/CMakeFiles/sel4runtime_crt_obj.dir/crt/sel4_arch/aarch64/crt0.S.obj
[50/230] Building ASM object projects/sel4runtime/CMakeFiles/sel4runtime_crt_obj.dir/crt/sel4_arch/aarch64/sel4_crt0.S.obj
[51/230] Generating ../../lib/crt0.o, ../../lib/crti.o, ../../lib/crtn.o
[52/230] Building ASM object projects/sel4runtime/CMakeFiles/sel4runtime.dir/crt/sel4_arch/aarch64/crti.S.obj
[53/230] Building ASM object projects/sel4runtime/CMakeFiles/sel4runtime.dir/crt/sel4_arch/aarch64/crtn.S.obj
[54/230] Building ASM object projects/sel4runtime/CMakeFiles/sel4runtime.dir/crt/sel4_arch/aarch64/crt0.S.obj
[55/230] Building ASM object projects/sel4runtime/CMakeFiles/sel4runtime.dir/crt/sel4_arch/aarch64/sel4_crt0.S.obj
[56/230] Building C object projects/sel4runtime/CMakeFiles/sel4runtime.dir/src/crt1.c.obj
[57/230] Building C object projects/sel4runtime/CMakeFiles/sel4runtime.dir/src/start.c.obj
[58/230] Building C object projects/sel4runtime/CMakeFiles/sel4runtime.dir/src/start_root.c.obj
[59/230] Building C object projects/sel4runtime/CMakeFiles/sel4runtime.dir/src/env.c.obj
[60/230] Building C object projects/sel4runtime/CMakeFiles/sel4runtime.dir/src/init.c.obj
[61/230] Building C object projects/sel4runtime/CMakeFiles/sel4runtime.dir/src/memset.c.obj
[62/230] Building C object projects/sel4runtime/CMakeFiles/sel4runtime.dir/src/memcpy.c.obj
[63/230] Building C object projects/sel4runtime/CMakeFiles/sel4runtime.dir/src/vsyscall.c.obj
[64/230] Linking C static library projects/sel4runtime/libsel4runtime.a
[65/230] Building C object kernel/CMakeFiles/kernel.elf.dir/kernel_all.c.obj
[66/230] Linking C executable kernel/kernel.elf
[67/230] Invoking muslc build system
[68/230] Building C object projects/aos/apps/console_test/CMakeFiles/console_test.dir/src/console_test.c.obj
[69/230] Building C object projects/aos/apps/sosh/CMakeFiles/sosh.dir/src/benchmark.c.obj
[70/230] Building C object projects/aos/apps/sosh/CMakeFiles/sosh.dir/src/sosh.c.obj
[71/230] Building C object projects/aos/libaos/CMakeFiles/aos.dir/src/debug.c.obj
[72/230] Building C object projects/aos/libaos/CMakeFiles/aos.dir/src/strerror.c.obj
[73/230] Building C object projects/aos/libaos/CMakeFiles/aos.dir/src/vsyscall.c.obj
[74/230] Building C object projects/aos/libco/CMakeFiles/libco.dir/libco.c.obj
[75/230] Building C object projects/aos/libco/CMakeFiles/libco.dir/aarch64.c.obj
[76/230] Building C object projects/aos/libclock/CMakeFiles/clock.dir/src/device.c.obj
[77/230] Building C object projects/aos/libco/CMakeFiles/libco.dir/arm.c.obj
[78/230] Building C object projects/aos/libclock/CMakeFiles/clock.dir/src/clock.c.obj
[79/230] Linking C static library projects/aos/libco/liblibco.a
[80/230] Building C object projects/aos/libethernet/CMakeFiles/ethernet.dir/src/ethernet.c.obj
[81/230] Building C object projects/aos/libethernet/CMakeFiles/ethernet.dir/src/unimplemented.c.obj
[82/230] Building C object projects/aos/libethernet/CMakeFiles/ethernet.dir/src/uboot/designware.c.obj
[83/230] Building C object projects/aos/libethernet/CMakeFiles/ethernet.dir/src/uboot/miiphyutil.c.obj
[84/230] Building C object projects/aos/libethernet/CMakeFiles/ethernet.dir/src/uboot/phy.c.obj
[85/230] Building C object projects/aos/libethernet/CMakeFiles/ethernet.dir/src/uboot/realtek.c.obj
[86/230] Building C object projects/aos/libsosapi/CMakeFiles/sosapi.dir/src/sos.c.obj
../projects/aos/libsosapi/src/sos.c: In function ‘sos_read’:
../projects/aos/libsosapi/src/sos.c:94:19: warning: passing argument 2 of ‘seL4_SetMR’ makes integer from pointer without a cast [-Wint-conversion]
   94 |     seL4_SetMR(2, buf);
      |                   ^~~
      |                   |
      |                   char *
In file included from ../kernel/libsel4/include/sel4/syscalls.h:10,
                 from ../kernel/libsel4/include/sel4/sel4.h:14,
                 from ../projects/aos/libsosapi/include/sos.h:18,
                 from ../projects/aos/libsosapi/src/sos.c:16:
../kernel/libsel4/include/sel4/functions.h:51:54: note: expected ‘seL4_Word’ {aka ‘long unsigned int’} but argument is of type ‘char *’
   51 | LIBSEL4_INLINE_FUNC void seL4_SetMR(int i, seL4_Word mr)
      |                                            ~~~~~~~~~~^~
../projects/aos/libsosapi/src/sos.c: In function ‘sos_write’:
../projects/aos/libsosapi/src/sos.c:114:19: warning: passing argument 2 of ‘seL4_SetMR’ makes integer from pointer without a cast [-Wint-conversion]
  114 |     seL4_SetMR(1, buf);
      |                   ^~~
      |                   |
      |                   const char *
In file included from ../kernel/libsel4/include/sel4/syscalls.h:10,
                 from ../kernel/libsel4/include/sel4/sel4.h:14,
                 from ../projects/aos/libsosapi/include/sos.h:18,
                 from ../projects/aos/libsosapi/src/sos.c:16:
../kernel/libsel4/include/sel4/functions.h:51:54: note: expected ‘seL4_Word’ {aka ‘long unsigned int’} but argument is of type ‘const char *’
   51 | LIBSEL4_INLINE_FUNC void seL4_SetMR(int i, seL4_Word mr)
      |                                            ~~~~~~~~~~^~
[87/230] Building C object projects/aos/libsosapi/CMakeFiles/sosapi.dir/src/sys_exit.c.obj
[88/230] Building C object projects/aos/libsel4cspace/CMakeFiles/sel4cspace.dir/src/cspace.c.obj
../projects/aos/libsel4cspace/src/cspace.c: In function ‘cspace_alloc_slot’:
../projects/aos/libsel4cspace/src/cspace.c:354:84: warning: taking address of packed member of ‘struct <anonymous>’ may result in an unaligned pointer value [-Waddress-of-packed-member]
  354 |         seL4_Word bot_index = bf_first_free(BITFIELD_SIZE(CNODE_SIZE_BITS), bot_lvl->bf);
      |                                                                             ~~~~~~~^~~~
../projects/aos/libsel4cspace/src/cspace.c:355:27: warning: taking address of packed member of ‘struct <anonymous>’ may result in an unaligned pointer value [-Waddress-of-packed-member]
  355 |         bf_set_bit(bot_lvl->bf, bot_index);
      |                    ~~~~~~~^~~~
../projects/aos/libsel4cspace/src/cspace.c:357:66: warning: taking address of packed member of ‘struct <anonymous>’ may result in an unaligned pointer value [-Waddress-of-packed-member]
  357 |         if (bf_first_free(BITFIELD_SIZE(CNODE_SIZE_BITS), bot_lvl->bf) >=
      |                                                           ~~~~~~~^~~~
../projects/aos/libsel4cspace/src/cspace.c: In function ‘cspace_free_slot’:
../projects/aos/libsel4cspace/src/cspace.c:399:70: warning: taking address of packed member of ‘struct <anonymous>’ may result in an unaligned pointer value [-Waddress-of-packed-member]
  399 |                 bf_clr_bit(cspace->bot_lvl_nodes[node]->cnodes[cnode].bf, BOT_LVL_INDEX(cptr));
      |                            ~~~~~~~~~~~~~~~~~~~~~~~~~~~~~~~~~~~~~~~~~~^~~
[89/230] Building C object projects/aos/libsosapi/CMakeFiles/sosapi.dir/src/sys_morecore.c.obj
[90/230] Building C object projects/aos/libsosapi/CMakeFiles/sosapi.dir/src/sys_thread.c.obj
[91/230] Building C object projects/aos/libsosapi/CMakeFiles/sosapi.dir/src/sys_stdio.c.obj
[92/230] Building C object projects/aos/libsosapi/CMakeFiles/sosapi.dir/src/sys_time.c.obj
[93/230] Building C object projects/aos/libsosapi/CMakeFiles/sosapi.dir/src/vsyscall.c.obj
[94/230] Building C object projects/libelf/CMakeFiles/elf.dir/src/elf32.c.obj
[95/230] Building C object projects/libelf/CMakeFiles/elf.dir/src/elf64.c.obj
[96/230] Building C object libnfs/mount/CMakeFiles/core_mount.dir/libnfs-raw-mount.c.obj
[97/230] Building C object projects/libelf/CMakeFiles/elf.dir/src/elf.c.obj
[98/230] Linking C static library projects/libelf/libelf.a
[99/230] Building C object libnfs/mount/CMakeFiles/core_mount.dir/mount.c.obj
[100/230] Building C object libnfs/nfs/CMakeFiles/core_nfs.dir/libnfs-raw-nfs.c.obj
[101/230] Linking C static library libnfs/mount/libcore_mount.a
[102/230] Building C object libnfs/nfs/CMakeFiles/core_nfs.dir/nfsacl.c.obj
[103/230] Building C object libnfs/nfs/CMakeFiles/core_nfs.dir/nfs.c.obj
[104/230] Building C object libnfs/nfs4/CMakeFiles/core_nfs4.dir/nfs4.c.obj
[105/230] Linking C static library libnfs/nfs/libcore_nfs.a
[106/230] Building C object libnfs/nlm/CMakeFiles/core_nlm.dir/libnfs-raw-nlm.c.obj
[107/230] Building C object libnfs/nlm/CMakeFiles/core_nlm.dir/nlm.c.obj
[108/230] Building C object libnfs/nfs4/CMakeFiles/core_nfs4.dir/libnfs-raw-nfs4.c.obj
[109/230] Linking C static library libnfs/nfs4/libcore_nfs4.a
[110/230] Linking C static library libnfs/nlm/libcore_nlm.a
[111/230] Building C object libnfs/nsm/CMakeFiles/core_nsm.dir/libnfs-raw-nsm.c.obj
[112/230] Building C object libnfs/nsm/CMakeFiles/core_nsm.dir/nsm.c.obj
[113/230] Linking C static library libnfs/nsm/libcore_nsm.a
[114/230] Building C object libnfs/portmap/CMakeFiles/core_portmap.dir/libnfs-raw-portmap.c.obj
[115/230] Building C object libnfs/portmap/CMakeFiles/core_portmap.dir/portmap.c.obj
[116/230] Building C object libnfs/rquota/CMakeFiles/core_rquota.dir/libnfs-raw-rquota.c.obj
[117/230] Linking C static library libnfs/portmap/libcore_portmap.a
[118/230] Building C object libnfs/rquota/CMakeFiles/core_rquota.dir/rquota.c.obj
[119/230] Linking C static library libnfs/rquota/libcore_rquota.a
[120/230] Building C object libnfs/lib/CMakeFiles/nfs.dir/init.c.obj
[121/230] Building C object libnfs/lib/CMakeFiles/nfs.dir/libnfs-zdr.c.obj
[122/230] Building C object libnfs/lib/CMakeFiles/nfs.dir/libnfs.c.obj
[123/230] Building C object libnfs/lib/CMakeFiles/nfs.dir/libnfs-sync.c.obj
[124/230] Building C object libnfs/lib/CMakeFiles/nfs.dir/pdu.c.obj
[125/230] Building C object libnfs/lib/CMakeFiles/nfs.dir/socket.c.obj
[126/230] Creating directories for 'picotcp_external'
[127/230] Building C object libnfs/lib/CMakeFiles/nfs.dir/nfs_v4.c.obj
[128/230] Performing download step for 'picotcp_external'
[129/230] No update step for 'picotcp_external'
[130/230] Performing patch step for 'picotcp_external'
[131/230] No configure step for 'picotcp_external'
[132/230] Building C object libnfs/lib/CMakeFiles/nfs.dir/nfs_v3.c.obj
[133/230] Building C object projects/libutils/CMakeFiles/utils.dir/src/arch/arm/stack.c.obj
[134/230] Linking C static library libnfs/lib/libnfs.a
[135/230] Building C object projects/libutils/CMakeFiles/utils.dir/src/cbor64.c.obj
[136/230] Building C object projects/libutils/CMakeFiles/utils.dir/src/debug.c.obj
[137/230] Building C object projects/libutils/CMakeFiles/utils.dir/src/list.c.obj
[138/230] Building C object projects/libutils/CMakeFiles/utils.dir/src/sc_heap.c.obj
[139/230] Building C object projects/libutils/CMakeFiles/utils.dir/src/xml.c.obj
[140/230] Building C object projects/libutils/CMakeFiles/utils.dir/src/zf_log.c.obj
[141/230] Linking C static library projects/libutils/libutils.a
[142/230] Linking C static library projects/aos/libaos/libaos.a
[143/230] Linking C static library projects/aos/libclock/libclock.a
[144/230] Linking C static library projects/aos/libsel4cspace/libsel4cspace.a
[145/230] Linking C static library projects/aos/libethernet/libethernet.a
[146/230] Linking C static library projects/aos/libsosapi/libsosapi.a
[147/230] Linking C executable projects/aos/apps/console_test/console_test
[148/230] Linking C executable projects/aos/apps/sosh/sosh
[149/230] Performing build step for 'picotcp_external'
modules/pico_ipv4.c: In function ‘mcast_group_update’:
modules/pico_icmp4.c: In function ‘pico_icmp4_ping’:
modules/pico_icmp4.c:384:34: warning: taking address of packed member of ‘struct pico_ip4’ may result in an unaligned pointer value [-Waddress-of-packed-member]
  384 |     if (pico_string_to_ipv4(dst, (uint32_t *)&cookie->dst.addr) < 0) {
      |                                  ^~~~~~~~~~~~~~~~~~~~~~~~~~~~~
modules/pico_ipv4.c:723:26: warning: taking address of packed member of ‘struct pico_mcast_group’ may result in an unaligned pointer value [-Waddress-of-packed-member]
  723 |         pico_tree_delete(&g->MCASTSources, source);
      |                          ^~~~~~~~~~~~~~~~
modules/pico_ipv4.c:736:38: warning: taking address of packed member of ‘struct pico_mcast_group’ may result in an unaligned pointer value [-Waddress-of-packed-member]
  736 |                 if (pico_tree_insert(&g->MCASTSources, source)) {
      |                                      ^~~~~~~~~~~~~~~~
modules/pico_ipv4.c: In function ‘pico_ipv4_mcast_leave’:
modules/pico_ipv4.c:836:34: warning: taking address of packed member of ‘struct pico_mcast_group’ may result in an unaligned pointer value [-Waddress-of-packed-member]
  836 |                 pico_tree_delete(&g->MCASTSources, source);
      |                                  ^~~~~~~~~~~~~~~~
modules/pico_igmp.c: In function ‘pico_igmpv3_generate_report’:
modules/pico_igmp.c:751:33: warning: cast increases required alignment of target type [-Wcast-align]
  751 |         uint32_t *source_addr = (uint32_t *)((uint8_t *)record + sizeof(struct igmpv3_group_record));
      |                                 ^
modules/pico_dns_client.c: In function ‘pico_dns_client_add_ns’:
modules/pico_dns_client.c:126:46: warning: taking address of packed member of ‘struct pico_ip4’ may result in an unaligned pointer value [-Waddress-of-packed-member]
  126 |     pico_string_to_ipv4(PICO_DNS_NS_DEFAULT, (uint32_t *)&test.ns.addr);
      |                                              ^~~~~~~~~~~~~~~~~~~~~~~~~
modules/pico_dns_client.c: In function ‘pico_dns_client_init’:
modules/pico_dns_client.c:829:50: warning: taking address of packed member of ‘struct pico_ip4’ may result in an unaligned pointer value [-Waddress-of-packed-member]
  829 |     if (pico_string_to_ipv4(PICO_DNS_NS_DEFAULT, (uint32_t *)&default_ns.addr) < 0)
      |                                                  ^~~~~~~~~~~~~~~~~~~~~~~~~~~~
modules/pico_dns_common.c: In function ‘pico_dns_packet_compress_name’:
modules/pico_dns_common.c:1522:25: warning: comparison between pointer and zero character constant [-Wpointer-compare]
 1522 |     while (lbl_iterator != '\0') {
      |                         ^~
modules/pico_dns_common.c:1522:12: note: did you mean to dereference the pointer?
 1522 |     while (lbl_iterator != '\0') {
      |            ^
modules/pico_mdns.c: In function ‘pico_mdns_send_packet’:
modules/pico_mdns.c:1741:47: warning: taking address of packed member of ‘struct pico_ip4’ may result in an unaligned pointer value [-Waddress-of-packed-member]
 1741 |     pico_string_to_ipv4(PICO_MDNS_DEST_ADDR4, &dst4.addr);
      |                                               ^~~~~~~~~~
modules/pico_mdns.c: In function ‘pico_mdns_init’:
modules/pico_mdns.c:3640:50: warning: taking address of packed member of ‘struct pico_ip4’ may result in an unaligned pointer value [-Waddress-of-packed-member]
 3640 |     if(pico_string_to_ipv4(PICO_MDNS_DEST_ADDR4, &mreq4.mcast_group_addr.ip4.addr)) {
      |                                                  ^~~~~~~~~~~~~~~~~~~~~~~~~~~~~~~~
modules/pico_ipv6.c: In function ‘mcast_group_update_ipv6’:
modules/pico_ipv6.c:1009:26: warning: taking address of packed member of ‘struct pico_mcast_group’ may result in an unaligned pointer value [-Waddress-of-packed-member]
 1009 |         pico_tree_delete(&g->MCASTSources, source);
      |                          ^~~~~~~~~~~~~~~~
modules/pico_ipv6.c:1022:38: warning: taking address of packed member of ‘struct pico_mcast_group’ may result in an unaligned pointer value [-Waddress-of-packed-member]
 1022 |                 if (pico_tree_insert(&g->MCASTSources, source)) {
      |                                      ^~~~~~~~~~~~~~~~
modules/pico_ipv6.c: In function ‘pico_ipv6_mcast_leave’:
modules/pico_ipv6.c:1119:34: warning: taking address of packed member of ‘struct pico_mcast_group’ may result in an unaligned pointer value [-Waddress-of-packed-member]
 1119 |                 pico_tree_delete(&g->MCASTSources, source);
      |                                  ^~~~~~~~~~~~~~~~
modules/pico_sntp_client.c: In function ‘dnsCallback’:
modules/pico_sntp_client.c:291:46: warning: taking address of packed member of ‘struct pico_ip4’ may result in an unaligned pointer value [-Waddress-of-packed-member]
  291 |             retval = pico_string_to_ipv4(ip, (uint32_t *)&address.ip4.addr);
      |                                              ^~~~~~~~~~~~~~~~~~~~~~~~~~~~~
stack/pico_frame.c: In function ‘pico_frame_do_alloc’:
stack/pico_frame.c:93:26: warning: cast increases required alignment of target type [-Wcast-align]
   93 |         p->usage_count = (uint32_t *)(((uint8_t*)p->buffer) + frame_buffer_size);
      |                          ^
stack/pico_frame.c: In function ‘pico_frame_new_buffer’:
stack/pico_frame.c:159:22: warning: cast increases required alignment of target type [-Wcast-align]
  159 |     f->usage_count = (uint32_t *)(((uint8_t*)f->buffer) + frame_buffer_size);
      |                      ^
stack/pico_frame.c: In function ‘pico_checksum_adder’:
stack/pico_frame.c:293:12: warning: cast increases required alignment of target type [-Wcast-align]
  293 |     stop = (uint16_t *)(((uint8_t *)data) + len);
      |            ^
stack/pico_device.c: In function ‘pico_device_broadcast’:
stack/pico_device.c:487:27: warning: operand of ?: changes signedness from ‘int’ to ‘uint32_t’ {aka ‘unsigned int’} due to unsignedness of other operand [-Wsign-compare]
  487 |     ret = sent ? f->len : -1;
      |                           ^~
stack/pico_device.c:487:25: warning: unsigned conversion from ‘int’ to ‘uint32_t’ {aka ‘unsigned int’} changes value from ‘-1’ to ‘4294967295’ [-Wsign-conversion]
  487 |     ret = sent ? f->len : -1;
      |                         ^
stack/pico_device.c:487:11: warning: conversion to ‘int32_t’ {aka ‘int’} from ‘uint32_t’ {aka ‘unsigned int’} may change the sign of the result [-Wsign-conversion]
  487 |     ret = sent ? f->len : -1;
      |           ^~~~
stack/pico_device.c:487:11: warning: signed conversion from ‘uint32_t’ {aka ‘unsigned int’} to ‘int32_t’ {aka ‘int’} changes the value of ‘4294967295’ [-Wsign-conversion]
-e 	[AR] /tmp/tmpgu6ponph/build/projects/libpicotcp/picotcp_external/picotcp/build/lib/libpicotcp.a
aarch64-linux-gnu-ar: `u' modifier ignored since `D' is the default (see `U')
-e 	[RANLIB] /tmp/tmpgu6ponph/build/projects/libpicotcp/picotcp_external/picotcp/build/lib/libpicotcp.a
-e 	[KEEP SYMBOLS] /tmp/tmpgu6ponph/build/projects/libpicotcp/picotcp_external/picotcp/build/lib/libpicotcp.a
-e 	[LIBSIZE] 1667742	/tmp/tmpgu6ponph/build/projects/libpicotcp/picotcp_external/picotcp/build/lib/libpicotcp.a
-e    text	   data	    bss	    dec	    hex	filename
   8532	     80	    160	   8772	   2244	pico_aodv.o (ex /tmp/tmpgu6ponph/build/projects/libpicotcp/picotcp_external/picotcp/build/lib/libpicotcp.a)
   7036	     24	     64	   7124	   1bd4	pico_arp.o (ex /tmp/tmpgu6ponph/build/projects/libpicotcp/picotcp_external/picotcp/build/lib/libpicotcp.a)
    596	      0	   1504	   2100	    834	pico_dev_loop.o (ex /tmp/tmpgu6ponph/build/projects/libpicotcp/picotcp_external/picotcp/build/lib/libpicotcp.a)
  28346	      9	   3608	  31963	   7cdb	pico_dev_ppp.o (ex /tmp/tmpgu6ponph/build/projects/libpicotcp/picotcp_external/picotcp/build/lib/libpicotcp.a)
  10736	    464	    132	  11332	   2c44	pico_dhcp_client.o (ex /tmp/tmpgu6ponph/build/projects/libpicotcp/picotcp_external/picotcp/build/lib/libpicotcp.a)
   2000	      0	      0	   2000	    7d0	pico_dhcp_common.o (ex /tmp/tmpgu6ponph/build/projects/libpicotcp/picotcp_external/picotcp/build/lib/libpicotcp.a)
   5784	     32	      0	   5816	   16b8	pico_dhcp_server.o (ex /tmp/tmpgu6ponph/build/projects/libpicotcp/picotcp_external/picotcp/build/lib/libpicotcp.a)
   8387	     32	   1500	   9919	   26bf	pico_dns_client.o (ex /tmp/tmpgu6ponph/build/projects/libpicotcp/picotcp_external/picotcp/build/lib/libpicotcp.a)
  15398	      0	      0	  15398	   3c26	pico_dns_common.o (ex /tmp/tmpgu6ponph/build/projects/libpicotcp/picotcp_external/picotcp/build/lib/libpicotcp.a)
   4203	      0	      0	   4203	   106b	pico_dns_sd.o (ex /tmp/tmpgu6ponph/build/projects/libpicotcp/picotcp_external/picotcp/build/lib/libpicotcp.a)
   4207	     88	     80	   4375	   1117	pico_ethernet.o (ex /tmp/tmpgu6ponph/build/projects/libpicotcp/picotcp_external/picotcp/build/lib/libpicotcp.a)
   4268	     32	     16	   4316	   10dc	pico_fragments.o (ex /tmp/tmpgu6ponph/build/projects/libpicotcp/picotcp_external/picotcp/build/lib/libpicotcp.a)
   1987	     16	      4	   2007	    7d7	pico_hotplug_detection.o (ex /tmp/tmpgu6ponph/build/projects/libpicotcp/picotcp_external/picotcp/build/lib/libpicotcp.a)
   4695	    110	     84	   4889	   1319	pico_icmp4.o (ex /tmp/tmpgu6ponph/build/projects/libpicotcp/picotcp_external/picotcp/build/lib/libpicotcp.a)
  10147	    106	     80	  10333	   285d	pico_icmp6.o (ex /tmp/tmpgu6ponph/build/projects/libpicotcp/picotcp_external/picotcp/build/lib/libpicotcp.a)
  16492	    152	     80	  16724	   4154	pico_igmp.o (ex /tmp/tmpgu6ponph/build/projects/libpicotcp/picotcp_external/picotcp/build/lib/libpicotcp.a)
   4392	     20	      0	   4412	   113c	pico_ipfilter.o (ex /tmp/tmpgu6ponph/build/projects/libpicotcp/picotcp_external/picotcp/build/lib/libpicotcp.a)
  18901	    154	    102	  19157	   4ad5	pico_ipv4.o (ex /tmp/tmpgu6ponph/build/projects/libpicotcp/picotcp_external/picotcp/build/lib/libpicotcp.a)
  24011	    136	     88	  24235	   5eab	pico_ipv6.o (ex /tmp/tmpgu6ponph/build/projects/libpicotcp/picotcp_external/picotcp/build/lib/libpicotcp.a)
  11500	     20	     32	  11552	   2d20	pico_ipv6_nd.o (ex /tmp/tmpgu6ponph/build/projects/libpicotcp/picotcp_external/picotcp/build/lib/libpicotcp.a)
  11292	      0	      0	  11292	   2c1c	pico_mcast.o (ex /tmp/tmpgu6ponph/build/projects/libpicotcp/picotcp_external/picotcp/build/lib/libpicotcp.a)
  26949	     56	     37	  27042	   69a2	pico_mdns.o (ex /tmp/tmpgu6ponph/build/projects/libpicotcp/picotcp_external/picotcp/build/lib/libpicotcp.a)
  15764	     64	      1	  15829	   3dd5	pico_mld.o (ex /tmp/tmpgu6ponph/build/projects/libpicotcp/picotcp_external/picotcp/build/lib/libpicotcp.a)
   6416	     32	      8	   6456	   1938	pico_nat.o (ex /tmp/tmpgu6ponph/build/projects/libpicotcp/picotcp_external/picotcp/build/lib/libpicotcp.a)
   3704	      0	     40	   3744	    ea0	pico_slaacv4.o (ex /tmp/tmpgu6ponph/build/projects/libpicotcp/picotcp_external/picotcp/build/lib/libpicotcp.a)
   4368	      2	     40	   4410	   113a	pico_sntp_client.o (ex /tmp/tmpgu6ponph/build/projects/libpicotcp/picotcp_external/picotcp/build/lib/libpicotcp.a)
   2967	      0	      0	   2967	    b97	pico_socket_tcp.o (ex /tmp/tmpgu6ponph/build/projects/libpicotcp/picotcp_external/picotcp/build/lib/libpicotcp.a)
   2576	      0	      0	   2576	    a10	pico_socket_udp.o (ex /tmp/tmpgu6ponph/build/projects/libpicotcp/picotcp_external/picotcp/build/lib/libpicotcp.a)
   1004	      0	      0	   1004	    3ec	pico_strings.o (ex /tmp/tmpgu6ponph/build/projects/libpicotcp/picotcp_external/picotcp/build/lib/libpicotcp.a)
  44856	     88	     84	  45028	   afe4	pico_tcp.o (ex /tmp/tmpgu6ponph/build/projects/libpicotcp/picotcp_external/picotcp/build/lib/libpicotcp.a)
  15039	    320	    544	  15903	   3e1f	pico_tftp.o (ex /tmp/tmpgu6ponph/build/projects/libpicotcp/picotcp_external/picotcp/build/lib/libpicotcp.a)
   2928	     88	     80	   3096	    c18	pico_udp.o (ex /tmp/tmpgu6ponph/build/projects/libpicotcp/picotcp_external/picotcp/build/lib/libpicotcp.a)
   4681	     16	     16	   4713	   1269	pico_device.o (ex /tmp/tmpgu6ponph/build/projects/libpicotcp/picotcp_external/picotcp/build/lib/libpicotcp.a)
   3248	      0	      0	   3248	    cb0	pico_frame.o (ex /tmp/tmpgu6ponph/build/projects/libpicotcp/picotcp_external/picotcp/build/lib/libpicotcp.a)
    196	      0	      8	    204	     cc	pico_md5.o (ex /tmp/tmpgu6ponph/build/projects/libpicotcp/picotcp_external/picotcp/build/lib/libpicotcp.a)
   2457	    160	      0	   2617	    a39	pico_protocol.o (ex /tmp/tmpgu6ponph/build/projects/libpicotcp/picotcp_external/picotcp/build/lib/libpicotcp.a)
  21985	     32	     32	  22049	   5621	pico_socket.o (ex /tmp/tmpgu6ponph/build/projects/libpicotcp/picotcp_external/picotcp/build/lib/libpicotcp.a)
  15300	     48	      0	  15348	   3bf4	pico_socket_multicast.o (ex /tmp/tmpgu6ponph/build/projects/libpicotcp/picotcp_external/picotcp/build/lib/libpicotcp.a)
  11248	     44	    288	  11580	   2d3c	pico_stack.o (ex /tmp/tmpgu6ponph/build/projects/libpicotcp/picotcp_external/picotcp/build/lib/libpicotcp.a)
   5192	     40	      0	   5232	   1470	pico_tree.o (ex /tmp/tmpgu6ponph/build/projects/libpicotcp/picotcp_external/picotcp/build/lib/libpicotcp.a)
 393788	   2465	   8712	 404965	  62de5	(TOTALS)
[150/230] No install step for 'picotcp_external'
[151/230] Completed 'picotcp_external'
[152/230] Building C object projects/libpicotcp/CMakeFiles/picotcp_bsd.dir/__/picotcp-bsd/pico_osal_noos.c.obj
[153/230] Building C object projects/aos/libnetworkconsole/CMakeFiles/networkconsole.dir/src/networkconsole.c.obj
../projects/aos/libnetworkconsole/src/networkconsole.c: In function ‘network_console_init’:
../projects/aos/libnetworkconsole/src/networkconsole.c:70:45: warning: taking address of packed member of ‘struct pico_ip4’ may result in an unaligned pointer value [-Waddress-of-packed-member]
   70 |     pico_string_to_ipv4(CONFIG_SOS_GATEWAY, &gateway.addr);
      |                                             ^~~~~~~~~~~~~
[154/230] Linking C static library projects/aos/libnetworkconsole/libnetworkconsole.a
[155/230] Building C object projects/libpicotcp/CMakeFiles/picotcp_bsd.dir/__/picotcp-bsd/pico_bsd_sockets.c.obj
../projects/picotcp-bsd/pico_bsd_sockets.c: In function ‘pico_join_multicast_group’:
../projects/picotcp-bsd/pico_bsd_sockets.c:760:34: warning: taking address of packed member of ‘struct pico_ip4’ may result in an unaligned pointer value [-Waddress-of-packed-member]
  760 |     pico_string_to_ipv4(address, &mreq.mcast_group_addr.ip4.addr);
      |                                  ^~~~~~~~~~~~~~~~~~~~~~~~~~~~~~~
../projects/picotcp-bsd/pico_bsd_sockets.c:761:32: warning: taking address of packed member of ‘struct pico_ip4’ may result in an unaligned pointer value [-Waddress-of-packed-member]
  761 |     pico_string_to_ipv4(local, &mreq.mcast_link_addr.ip4.addr);
      |                                ^~~~~~~~~~~~~~~~~~~~~~~~~~~~~~
[156/230] Linking C static library projects/libpicotcp/libpicotcp_bsd.a
[157/230] Generate CPIO archive archive.o
[158/230] Building C object projects/aos/sos/CMakeFiles/sos.dir/src/bootstrap.c.obj
../projects/aos/sos/src/bootstrap.c: In function ‘sos_bootstrap’:
../projects/aos/sos/src/bootstrap.c:461:56: warning: taking address of packed member of ‘struct <anonymous>’ may result in an unaligned pointer value [-Waddress-of-packed-member]
  461 |         bf_set_bit(bot_lvl_node->cnodes[CNODE_INDEX(i)].bf, BOT_LVL_INDEX(i));
      |                    ~~~~~~~~~~~~~~~~~~~~~~~~~~~~~~~~~~~~^~~
[159/230] Building C object projects/aos/sos/CMakeFiles/sos.dir/src/dma.c.obj
[160/230] Building C object projects/aos/sos/CMakeFiles/sos.dir/src/elf.c.obj
[161/230] Building C object projects/aos/sos/CMakeFiles/sos.dir/src/frame_table.c.obj
[162/230] Building C object projects/aos/sos/CMakeFiles/sos.dir/src/irq.c.obj
[163/230] Building C object projects/aos/sos/CMakeFiles/sos.dir/src/mapping.c.obj
In file included from ../projects/libutils/include/utils/util.h:46,
                 from ../projects/aos/libsel4cspace/include/cspace/cspace.h:28,
                 from ../projects/aos/sos/src/mapping.h:16,
                 from ../projects/aos/sos/src/mapping.c:15:
../projects/aos/sos/src/mapping.c: In function ‘sos_map_frame’:
../projects/aos/sos/src/mapping.c:234:17: warning: format ‘%lu’ expects argument of type ‘long unsigned int’, but argument 7 has type ‘unsigned int’ [-Wformat=]
  234 |         ZF_LOGE("Error from sos_map_frame_impl: %lu\n", err);
      |                 ^~~~~~~~~~~~~~~~~~~~~~~~~~~~~~~~~~~~~~  ~~~
      |                                                         |
      |                                                         unsigned int
../projects/libutils/include/utils/zf_log.h:302:18: note: in definition of macro ‘_ZF_LOG_IMP’
  302 |        lvl, tag, __VA_ARGS__); \
      |                  ^~~~~~~~~~~
../projects/aos/sos/src/mapping.c:234:9: note: in expansion of macro ‘ZF_LOGE’
  234 |         ZF_LOGE("Error from sos_map_frame_impl: %lu\n", err);
      |         ^~~~~~~
../projects/aos/sos/src/mapping.c:234:51: note: format string is defined here
  234 |         ZF_LOGE("Error from sos_map_frame_impl: %lu\n", err);
      |                                                 ~~^
      |                                                   |
      |                                                   long unsigned int
      |                                                 %u
[164/230] Building C object projects/aos/sos/CMakeFiles/sos.dir/src/main.c.obj
../projects/aos/sos/src/main.c: In function ‘timeout_callback’:
../projects/aos/sos/src/main.c:110:32: warning: unused parameter ‘id’ [-Wunused-parameter]
  110 | void timeout_callback(uint32_t id, void *data) {
      |                       ~~~~~~~~~^~
In file included from ../projects/libutils/include/utils/util.h:46,
                 from ../projects/aos/sos/src/main.c:13:
../projects/aos/sos/src/main.c: In function ‘handler_sos_write’:
../projects/aos/sos/src/main.c:128:21: warning: format ‘%p’ expects argument of type ‘void *’, but argument 7 has type ‘uintptr_t’ {aka ‘long unsigned int’} [-Wformat=]
  128 |             ZF_LOGE("Unable to find a frame for buf_vaddr at %p", buf_vaddr);
      |                     ^~~~~~~~~~~~~~~~~~~~~~~~~~~~~~~~~~~~~~~~~~~~  ~~~~~~~~~
      |                                                                   |
      |                                                                   uintptr_t {aka long unsigned int}
../projects/libutils/include/utils/zf_log.h:302:18: note: in definition of macro ‘_ZF_LOG_IMP’
  302 |        lvl, tag, __VA_ARGS__); \
      |                  ^~~~~~~~~~~
../projects/aos/sos/src/main.c:128:13: note: in expansion of macro ‘ZF_LOGE’
  128 |             ZF_LOGE("Unable to find a frame for buf_vaddr at %p", buf_vaddr);
      |             ^~~~~~~
../projects/aos/sos/src/main.c:128:63: note: format string is defined here
  128 |             ZF_LOGE("Unable to find a frame for buf_vaddr at %p", buf_vaddr);
      |                                                              ~^
      |                                                               |
      |                                                               void *
      |                                                              %ld
../projects/aos/sos/src/main.c:147:67: warning: pointer targets in passing argument 2 of ‘network_console_send’ differ in signedness [-Wpointer-sign]
  147 |         size_t bytes_sent = network_console_send(network_console, &data[offset], bytes_to_send);
      |                                                                   ^~~~~~~~~~~~~
      |                                                                   |
      |                                                                   unsigned char *
In file included from ../projects/aos/sos/src/main.c:26:
../projects/aos/libnetworkconsole/include/networkconsole/networkconsole.h:25:73: note: expected ‘char *’ but argument is of type ‘unsigned char *’
   25 | int network_console_send(struct network_console *network_console, char *data, int len);
      |                                                                   ~~~~~~^~~~
../projects/aos/sos/src/main.c:148:24: warning: comparison of integer expressions of different signedness: ‘size_t’ {aka ‘long unsigned int’} and ‘int’ [-Wsign-compare]
  148 |         if (bytes_sent == -1) {
      |                        ^~
In file included from ../projects/libutils/include/utils/util.h:46,
                 from ../projects/aos/sos/src/main.c:13:
../projects/aos/sos/src/main.c:149:21: warning: format ‘%d’ expects argument of type ‘int’, but argument 7 has type ‘size_t’ {aka ‘long unsigned int’} [-Wformat=]
  149 |             ZF_LOGE("Failed to send %d bytes via network_console_send", bytes_to_send);
      |                     ^~~~~~~~~~~~~~~~~~~~~~~~~~~~~~~~~~~~~~~~~~~~~~~~~~  ~~~~~~~~~~~~~
      |                                                                         |
      |                                                                         size_t {aka long unsigned int}
../projects/libutils/include/utils/zf_log.h:302:18: note: in definition of macro ‘_ZF_LOG_IMP’
  302 |        lvl, tag, __VA_ARGS__); \
      |                  ^~~~~~~~~~~
../projects/aos/sos/src/main.c:149:13: note: in expansion of macro ‘ZF_LOGE’
  149 |             ZF_LOGE("Failed to send %d bytes via network_console_send", bytes_to_send);
      |             ^~~~~~~
../projects/aos/sos/src/main.c:149:38: note: format string is defined here
  149 |             ZF_LOGE("Failed to send %d bytes via network_console_send", bytes_to_send);
      |                                     ~^
      |                                      |
      |                                      int
      |                                     %ld
../projects/aos/sos/src/main.c:122:9: warning: unused variable ‘file_desc’ [-Wunused-variable]
  122 |     int file_desc           = seL4_GetMR(3);
      |         ^~~~~~~~~
In file included from ../projects/libutils/include/utils/util.h:46,
                 from ../projects/aos/sos/src/main.c:13:
../projects/aos/sos/src/main.c: In function ‘handler_sos_read’:
../projects/aos/sos/src/main.c:182:21: warning: format ‘%p’ expects argument of type ‘void *’, but argument 7 has type ‘uintptr_t’ {aka ‘long unsigned int’} [-Wformat=]
  182 |             ZF_LOGE("page not found for buf_vaddr=%p\n", buf_vaddr);
      |                     ^~~~~~~~~~~~~~~~~~~~~~~~~~~~~~~~~~~  ~~~~~~~~~
      |                                                          |
      |                                                          uintptr_t {aka long unsigned int}
../projects/libutils/include/utils/zf_log.h:302:18: note: in definition of macro ‘_ZF_LOG_IMP’
  302 |        lvl, tag, __VA_ARGS__); \
      |                  ^~~~~~~~~~~
../projects/aos/sos/src/main.c:182:13: note: in expansion of macro ‘ZF_LOGE’
  182 |             ZF_LOGE("page not found for buf_vaddr=%p\n", buf_vaddr);
      |             ^~~~~~~
../projects/aos/sos/src/main.c:182:52: note: format string is defined here
  182 |             ZF_LOGE("page not found for buf_vaddr=%p\n", buf_vaddr);
      |                                                   ~^
      |                                                    |
      |                                                    void *
      |                                                   %ld
In file included from ../projects/libutils/include/utils/util.h:15,
                 from ../projects/aos/sos/src/main.c:13:
../projects/libutils/include/utils/arith.h:102:11: warning: comparison of integer expressions of different signedness: ‘int’ and ‘long unsigned int’ [-Wsign-compare]
  102 |        _a < _b ? _a : _b; })
      |           ^
../projects/aos/sos/src/main.c:190:37: note: in expansion of macro ‘MIN’
  190 |         size_t num_bytes_to_write = MIN(remaining_bytes, PAGE_SIZE_4K - offset);
      |                                     ^~~
../projects/libutils/include/utils/arith.h:102:18: warning: operand of ?: changes signedness from ‘int’ to ‘long unsigned int’ due to unsignedness of other operand [-Wsign-compare]
  102 |        _a < _b ? _a : _b; })
      |                  ^~
../projects/aos/sos/src/main.c:190:37: note: in expansion of macro ‘MIN’
  190 |         size_t num_bytes_to_write = MIN(remaining_bytes, PAGE_SIZE_4K - offset);
      |                                     ^~~
../projects/libutils/include/utils/arith.h:102:11: warning: comparison of integer expressions of different signedness: ‘size_t’ {aka ‘long unsigned int’} and ‘int’ [-Wsign-compare]
  102 |        _a < _b ? _a : _b; })
      |           ^
../projects/aos/sos/src/main.c:191:30: note: in expansion of macro ‘MIN’
  191 |         num_bytes_to_write = MIN(num_bytes_to_write, SGLIB_QUEUE_LENGTH(char, nwcs_buf, i, j, DIM));
      |                              ^~~
../projects/libutils/include/utils/arith.h:102:23: warning: operand of ?: changes signedness from ‘int’ to ‘size_t’ {aka ‘long unsigned int’} due to unsignedness of other operand [-Wsign-compare]
  102 |        _a < _b ? _a : _b; })
      |                       ^~
../projects/aos/sos/src/main.c:191:30: note: in expansion of macro ‘MIN’
  191 |         num_bytes_to_write = MIN(num_bytes_to_write, SGLIB_QUEUE_LENGTH(char, nwcs_buf, i, j, DIM));
      |                              ^~~
../projects/aos/sos/src/main.c:194:35: warning: comparison of integer expressions of different signedness: ‘int’ and ‘size_t’ {aka ‘long unsigned int’} [-Wsign-compare]
  194 |         for (int index = 0; index < num_bytes_to_write; index++) {
      |                                   ^
../projects/aos/sos/src/main.c: In function ‘handle_syscall’:
../projects/aos/sos/src/main.c:317:108: warning: unused parameter ‘ep’ [-Wunused-parameter]
  317 | seL4_MessageInfo_t handle_syscall(UNUSED seL4_Word badge, UNUSED int num_args, bool *have_reply, seL4_CPtr ep, int thread_index)
      |                                                                                                  ~~~~~~~~~~^~
../projects/aos/sos/src/main.c: In function ‘write_to_buf’:
../projects/aos/sos/src/main.c:356:43: warning: unused parameter ‘network_console’ [-Wunused-parameter]
  356 | void write_to_buf(struct network_console *network_console, char c) {
      |                   ~~~~~~~~~~~~~~~~~~~~~~~~^~~~~~~~~~~~~~~
../projects/aos/sos/src/main.c: In function ‘find_valid_region’:
../projects/aos/sos/src/main.c:375:36: warning: format ‘%p’ expects argument of type ‘void *’, but argument 2 has type ‘uintptr_t’ {aka ‘long unsigned int’} [-Wformat=]
  375 |             printf("region start: %p, region end: %p\n", region_start, region_end);
      |                                   ~^                     ~~~~~~~~~~~~
      |                                    |                     |
      |                                    void *                uintptr_t {aka long unsigned int}
      |                                   %ld
../projects/aos/sos/src/main.c:375:52: warning: format ‘%p’ expects argument of type ‘void *’, but argument 3 has type ‘uintptr_t’ {aka ‘long unsigned int’} [-Wformat=]
  375 |             printf("region start: %p, region end: %p\n", region_start, region_end);
      |                                                   ~^                   ~~~~~~~~~~
      |                                                    |                   |
      |                                                    void *              uintptr_t {aka long unsigned int}
      |                                                   %ld
In file included from ../projects/libutils/include/utils/util.h:46,
                 from ../projects/aos/sos/src/main.c:13:
../projects/aos/sos/src/main.c: In function ‘handle_vm_fault’:
../projects/aos/sos/src/main.c:390:17: warning: format ‘%p’ expects argument of type ‘void *’, but argument 7 has type ‘seL4_Uint64’ {aka ‘long unsigned int’} [-Wformat=]
  390 |         ZF_LOGE("Fault address %p resolves to an invalid region access", faultaddr);
      |                 ^~~~~~~~~~~~~~~~~~~~~~~~~~~~~~~~~~~~~~~~~~~~~~~~~~~~~~~  ~~~~~~~~~
      |                                                                          |
      |                                                                          seL4_Uint64 {aka long unsigned int}
../projects/libutils/include/utils/zf_log.h:302:18: note: in definition of macro ‘_ZF_LOG_IMP’
  302 |        lvl, tag, __VA_ARGS__); \
      |                  ^~~~~~~~~~~
../projects/aos/sos/src/main.c:390:9: note: in expansion of macro ‘ZF_LOGE’
  390 |         ZF_LOGE("Fault address %p resolves to an invalid region access", faultaddr);
      |         ^~~~~~~
../projects/aos/sos/src/main.c:390:33: note: format string is defined here
  390 |         ZF_LOGE("Fault address %p resolves to an invalid region access", faultaddr);
      |                                ~^
      |                                 |
      |                                 void *
      |                                %ld
../projects/aos/sos/src/main.c:431:42: warning: format ‘%p’ expects argument of type ‘void *’, but argument 2 has type ‘seL4_Uint64’ {aka ‘long unsigned int’} [-Wformat=]
  431 |     printf("Successfully map a frame at %p!\n", faultaddr);
      |                                         ~^      ~~~~~~~~~
      |                                          |      |
      |                                          void * seL4_Uint64 {aka long unsigned int}
      |                                         %ld
[165/230] Building C object projects/aos/sos/CMakeFiles/sos.dir/src/network.c.obj
[166/230] Building C object projects/aos/sos/CMakeFiles/sos.dir/src/ut.c.obj
[167/230] Building C object projects/aos/sos/CMakeFiles/sos.dir/src/tests.c.obj
[168/230] Building C object projects/aos/sos/CMakeFiles/sos.dir/src/sys/backtrace.c.obj
[169/230] Building C object projects/aos/sos/CMakeFiles/sos.dir/src/sys/exit.c.obj
[170/230] Building C object projects/aos/sos/CMakeFiles/sos.dir/src/sys/morecore.c.obj
[171/230] Building C object projects/aos/sos/CMakeFiles/sos.dir/src/sys/thread.c.obj
[172/230] Building C object projects/aos/sos/CMakeFiles/sos.dir/src/sys/time.c.obj
[173/230] Building C object projects/aos/sos/CMakeFiles/sos.dir/src/sys/stdio.c.obj
[174/230] Building C object projects/aos/sos/CMakeFiles/sos.dir/src/drivers/uart.c.obj
[175/230] Building C object projects/aos/sos/CMakeFiles/sos.dir/src/utils.c.obj
[176/230] Building C object projects/aos/sos/CMakeFiles/sos.dir/src/debugger.c.obj
[177/230] Building C object projects/aos/sos/CMakeFiles/sos.dir/src/threads.c.obj
../projects/aos/sos/src/threads.c: In function ‘thread_trampoline’:
../projects/aos/sos/src/threads.c:85:94: warning: unused parameter ‘debugger_add’ [-Wunused-parameter]
   85 | static void thread_trampoline(sos_thread_t *thread, thread_main_f *function, void *arg, bool debugger_add)
[178/230] Building C object projects/aos/sos/CMakeFiles/sos.dir/src/pagetable.c.obj
In file included from ../projects/libutils/include/utils/util.h:46,
                 from ../projects/aos/libsel4cspace/include/cspace/cspace.h:28,
                 from ../projects/aos/sos/src/pagetable.h:4,
                 from ../projects/aos/sos/src/pagetable.c:1:
../projects/aos/sos/src/pagetable.c: In function ‘sos_shadow_unmap_frame’:
../projects/aos/sos/src/pagetable.c:106:17: warning: format ‘%p’ expects argument of type ‘void *’, but argument 7 has type ‘uintptr_t’ {aka ‘long unsigned int’} [-Wformat=]
  106 |         ZF_LOGE("Unable to find the mapped page at vaddr=%p", vaddr);
      |                 ^~~~~~~~~~~~~~~~~~~~~~~~~~~~~~~~~~~~~~~~~~~~  ~~~~~
      |                                                               |
      |                                                               uintptr_t {aka long unsigned int}
../projects/libutils/include/utils/zf_log.h:302:18: note: in definition of macro ‘_ZF_LOG_IMP’
  302 |        lvl, tag, __VA_ARGS__); \
      |                  ^~~~~~~~~~~
../projects/aos/sos/src/pagetable.c:106:9: note: in expansion of macro ‘ZF_LOGE’
  106 |         ZF_LOGE("Unable to find the mapped page at vaddr=%p", vaddr);
      |         ^~~~~~~
../projects/aos/sos/src/pagetable.c:106:59: note: format string is defined here
  106 |         ZF_LOGE("Unable to find the mapped page at vaddr=%p", vaddr);
      |                                                          ~^
      |                                                           |
      |                                                           void *
      |                                                          %ld
[179/230] Linking C executable projects/aos/sos/sos
[180/230] Generating kernel.elf
[181/230] Generating rootserver
[182/230] Generate CPIO archive archive.o
[183/230] Generating gen_headers/image_start_addr.h, gen_headers/platform_info.h
[184/230] Generating linker.lds_pp
[185/230] Generating gen_headers/devices_gen.h
[186/230] Building C object elfloader-tool/CMakeFiles/elfloader.dir/src/arch-arm/64/cpuid.c.obj
[187/230] Building ASM object elfloader-tool/CMakeFiles/elfloader.dir/src/arch-arm/64/crt0.S.obj
[188/230] Building C object elfloader-tool/CMakeFiles/elfloader.dir/src/arch-arm/64/debug.c.obj
[189/230] Building C object elfloader-tool/CMakeFiles/elfloader.dir/src/arch-arm/64/mmu.c.obj
[190/230] Building C object elfloader-tool/CMakeFiles/elfloader.dir/src/arch-arm/64/structures.c.obj
[191/230] Building ASM object elfloader-tool/CMakeFiles/elfloader.dir/src/arch-arm/64/traps.S.obj
[192/230] Building ASM object elfloader-tool/CMakeFiles/elfloader.dir/src/arch-arm/armv/armv8-a/64/mmu-hyp.S.obj
[193/230] Building C object elfloader-tool/CMakeFiles/elfloader.dir/src/arch-arm/armv/armv8-a/64/smp.c.obj
[194/230] Building ASM object elfloader-tool/CMakeFiles/elfloader.dir/src/arch-arm/armv/armv8-a/64/psci_asm.S.obj
[195/230] Building ASM object elfloader-tool/CMakeFiles/elfloader.dir/src/arch-arm/armv/armv8-a/64/mmu.S.obj
[196/230] Building C object elfloader-tool/CMakeFiles/elfloader.dir/src/arch-arm/drivers/smp-imx6.c.obj
[197/230] Building C object elfloader-tool/CMakeFiles/elfloader.dir/src/arch-arm/cpuid.c.obj
[198/230] Building C object elfloader-tool/CMakeFiles/elfloader.dir/src/arch-arm/drivers/smp-spin-table.c.obj
[199/230] Building C object elfloader-tool/CMakeFiles/elfloader.dir/src/arch-arm/drivers/smp-psci.c.obj
[200/230] Building C object elfloader-tool/CMakeFiles/elfloader.dir/src/arch-arm/drivers/smp-zynq7000.c.obj
[201/230] Building C object elfloader-tool/CMakeFiles/elfloader.dir/src/arch-arm/psci.c.obj
[202/230] Building C object elfloader-tool/CMakeFiles/elfloader.dir/src/arch-arm/scu.c.obj
[203/230] Building C object elfloader-tool/CMakeFiles/elfloader.dir/src/arch-arm/smp_boot.c.obj
[204/230] Building C object elfloader-tool/CMakeFiles/elfloader.dir/src/arch-arm/sys_boot.c.obj
[205/230] Building C object elfloader-tool/CMakeFiles/elfloader.dir/src/binaries/elf/elf32.c.obj
[206/230] Building C object elfloader-tool/CMakeFiles/elfloader.dir/src/binaries/elf/elf.c.obj
[207/230] Building C object elfloader-tool/CMakeFiles/elfloader.dir/src/binaries/elf/elf64.c.obj
[208/230] Building C object elfloader-tool/CMakeFiles/elfloader.dir/src/drivers/driver.c.obj
[209/230] Building C object elfloader-tool/CMakeFiles/elfloader.dir/src/common.c.obj
[210/230] Building C object elfloader-tool/CMakeFiles/elfloader.dir/src/defaults.c.obj
[211/230] Building C object elfloader-tool/CMakeFiles/elfloader.dir/src/drivers/smp/common.c.obj
[212/230] Building C object elfloader-tool/CMakeFiles/elfloader.dir/src/drivers/timer/arm_generic_timer.c.obj
[213/230] Building C object elfloader-tool/CMakeFiles/elfloader.dir/src/drivers/uart/8250-uart.c.obj
[214/230] Building C object elfloader-tool/CMakeFiles/elfloader.dir/src/drivers/uart/exynos-uart.c.obj
[215/230] Building C object elfloader-tool/CMakeFiles/elfloader.dir/src/drivers/uart/bcm-uart.c.obj
[216/230] Building C object elfloader-tool/CMakeFiles/elfloader.dir/src/drivers/uart/common.c.obj
[217/230] Building C object elfloader-tool/CMakeFiles/elfloader.dir/src/drivers/uart/imx-uart.c.obj
[218/230] Building C object elfloader-tool/CMakeFiles/elfloader.dir/src/drivers/uart/imx-lpuart.c.obj
[219/230] Building C object elfloader-tool/CMakeFiles/elfloader.dir/src/drivers/uart/meson-uart.c.obj
[220/230] Building C object elfloader-tool/CMakeFiles/elfloader.dir/src/drivers/uart/msm-uart.c.obj
[221/230] Building C object elfloader-tool/CMakeFiles/elfloader.dir/src/drivers/uart/pl011-uart.c.obj
[222/230] Building C object elfloader-tool/CMakeFiles/elfloader.dir/src/drivers/uart/xilinx-uart.c.obj
[223/230] Building C object elfloader-tool/CMakeFiles/elfloader.dir/src/fdt.c.obj
[224/230] Building C object elfloader-tool/CMakeFiles/elfloader.dir/src/string.c.obj
[225/230] Building C object elfloader-tool/CMakeFiles/elfloader.dir/src/printf.c.obj
[226/230] Building C object elfloader-tool/CMakeFiles/elfloader.dir/src/utils/crypt_md5.c.obj
[227/230] Building C object elfloader-tool/CMakeFiles/elfloader.dir/src/utils/hash.c.obj
[228/230] Building C object elfloader-tool/CMakeFiles/elfloader.dir/src/utils/crypt_sha256.c.obj
[229/230] Linking C executable elfloader-tool/elfloader
[230/230] Generating ../../../images/sos-image-arm-odroidc2
